<?xml version="1.0" encoding="UTF-8"?>
<testng-results ignored="0" total="1" passed="1" failed="0" skipped="0">
  <reporter-output>
  </reporter-output>
  <suite started-at="2022-07-24T21:02:54 BDT" name="Default suite" finished-at="2022-07-24T21:02:56 BDT" duration-ms="1367">
    <groups>
    </groups>
    <test started-at="2022-07-24T21:02:54 BDT" name="Default test" finished-at="2022-07-24T21:02:56 BDT" duration-ms="1367">
      <class name="practice.NotepadTest">
        <test-method signature="setup()[pri:0, instance:practice.NotepadTest@243c4f91]" started-at="2022-07-24T21:02:54 BDT" name="setup" finished-at="2022-07-24T21:02:56 BDT" duration-ms="1320" status="PASS">
          <reporter-output>
          </reporter-output>
        </test-method> <!-- setup -->
      </class> <!-- practice.NotepadTest -->
    </test> <!-- Default test -->
  </suite> <!-- Default suite -->
</testng-results>
